<?xml version="1.0" encoding="UTF-8"?>
<testng-results skipped="0" failed="0" ignored="0" total="1" passed="1">
  <reporter-output>
  </reporter-output>
  <suite name="Default suite" duration-ms="2476" started-at="२०१८-०५-०५T१४:३४:५४Z" finished-at="२०१८-०५-०५T१४:३४:५७Z">
    <groups>
    </groups>
    <test name="Default test" duration-ms="2476" started-at="२०१८-०५-०५T१४:३४:५४Z" finished-at="२०१८-०५-०५T१४:३४:५७Z">
      <class name="com.qa.tests.PostAPITest">
        <test-method status="PASS" signature="postAPITest()[pri:0, instance:com.qa.tests.PostAPITest@5c7fa833]" name="postAPITest" duration-ms="2429" started-at="२०१८-०५-०५T१४:३४:५४Z" finished-at="२०१८-०५-०५T१४:३४:५७Z">
          <reporter-output>
          </reporter-output>
        </test-method> <!-- postAPITest -->
        <test-method status="PASS" signature="setUp()[pri:0, instance:com.qa.tests.PostAPITest@5c7fa833]" name="setUp" is-config="true" duration-ms="0" started-at="२०१८-०५-०५T१४:३४:५४Z" finished-at="२०१८-०५-०५T१४:३४:५४Z">
          <reporter-output>
          </reporter-output>
        </test-method> <!-- setUp -->
      </class> <!-- com.qa.tests.PostAPITest -->
    </test> <!-- Default test -->
  </suite> <!-- Default suite -->
</testng-results>
